<?xml version="1.0" encoding="UTF-8"?>
<!-- Generated by org.testng.reporters.JUnitXMLReporter -->
<testsuite hostname="DESKTOP-GDC1AVR" name="Ebay" tests="10" failures="1" timestamp="21 Jul 2023 04:38:17 GMT" time="305.231" errors="0">
  <testcase name="feature" time="76.725" classname="upskill.runners.RunnerClass"/>
  <testcase name="feature" time="49.913" classname="upskill.runners.RunnerClass"/>
  <testcase name="feature" time="11.19" classname="upskill.runners.RunnerClass"/>
  <testcase name="feature" time="14.41" classname="upskill.runners.RunnerClass"/>
  <testcase name="feature" time="14.948" classname="upskill.runners.RunnerClass"/>
  <testcase name="feature" time="23.789" classname="upskill.runners.RunnerClass"/>
  <testcase name="feature" time="13.479" classname="upskill.runners.RunnerClass"/>
  <testcase name="feature" time="4.827" classname="upskill.runners.RunnerClass">
    <failure type="cucumber.runtime.CucumberException" message="java.lang.NoClassDefFoundError: io/restassured/mapper/factory/GsonObjectMapperFactory">
      <![CDATA[cucumber.runtime.CucumberException: java.lang.NoClassDefFoundError: io/restassured/mapper/factory/GsonObjectMapperFactory
	at cucumber.api.testng.TestNGCucumberRunner.runCucumber(TestNGCucumberRunner.java:69)
	at cucumber.api.testng.AbstractTestNGCucumberTests.feature(AbstractTestNGCucumberTests.java:21)
	at org.apache.maven.surefire.testng.TestNGExecutor.run(TestNGExecutor.java:283)
	at org.apache.maven.surefire.testng.TestNGXmlTestSuite.execute(TestNGXmlTestSuite.java:75)
	at org.apache.maven.surefire.testng.TestNGProvider.invoke(TestNGProvider.java:120)
	at org.apache.maven.surefire.booter.ForkedBooter.invokeProviderInSameClassLoader(ForkedBooter.java:383)
	at org.apache.maven.surefire.booter.ForkedBooter.runSuitesInProcess(ForkedBooter.java:344)
	at org.apache.maven.surefire.booter.ForkedBooter.execute(ForkedBooter.java:125)
	at org.apache.maven.surefire.booter.ForkedBooter.main(ForkedBooter.java:417)
Caused by: java.lang.NoClassDefFoundError: io/restassured/mapper/factory/GsonObjectMapperFactory
	at io.restassured.config.RestAssuredConfig.<init>(RestAssuredConfig.java:41)
	at io.restassured.RestAssured.<clinit>(RestAssured.java:420)
	at upskill.api.restassured.PetstoreRestAssuredActions.createPet(PetstoreRestAssuredActions.java:13)
	at upskill.ebay.stepDef.PetstoreApiSteps.create_pet(PetstoreApiSteps.java:13)
	at ✽.Given Create pet(PetstoreApiTesting.feature:6)
Caused by: java.lang.ClassNotFoundException: io.restassured.mapper.factory.GsonObjectMapperFactory
	at java.net.URLClassLoader.findClass(URLClassLoader.java:382)
	at java.lang.ClassLoader.loadClass(ClassLoader.java:424)
	at sun.misc.Launcher$AppClassLoader.loadClass(Launcher.java:349)
	at java.lang.ClassLoader.loadClass(ClassLoader.java:357)
	at io.restassured.config.RestAssuredConfig.<init>(RestAssuredConfig.java:41)
	at io.restassured.RestAssured.<clinit>(RestAssured.java:420)
	at upskill.api.restassured.PetstoreRestAssuredActions.createPet(PetstoreRestAssuredActions.java:13)
	at upskill.ebay.stepDef.PetstoreApiSteps.create_pet(PetstoreApiSteps.java:13)
	at cucumber.runtime.Utils$1.call(Utils.java:37)
	at cucumber.runtime.Timeout.timeout(Timeout.java:13)
	at cucumber.runtime.Utils.invoke(Utils.java:31)
	at cucumber.runtime.java.JavaStepDefinition.execute(JavaStepDefinition.java:38)
	at cucumber.runtime.StepDefinitionMatch.runStep(StepDefinitionMatch.java:37)
	at cucumber.runtime.Runtime.runStep(Runtime.java:299)
	at cucumber.runtime.model.StepContainer.runStep(StepContainer.java:44)
	at cucumber.runtime.model.StepContainer.runSteps(StepContainer.java:39)
	at cucumber.runtime.model.CucumberScenario.run(CucumberScenario.java:44)
	at cucumber.runtime.model.CucumberFeature.run(CucumberFeature.java:165)
	at cucumber.api.testng.TestNGCucumberRunner.runCucumber(TestNGCucumberRunner.java:63)
	at cucumber.api.testng.AbstractTestNGCucumberTests.feature(AbstractTestNGCucumberTests.java:21)
	at org.apache.maven.surefire.testng.TestNGExecutor.run(TestNGExecutor.java:283)
	at org.apache.maven.surefire.testng.TestNGXmlTestSuite.execute(TestNGXmlTestSuite.java:75)
	at org.apache.maven.surefire.testng.TestNGProvider.invoke(TestNGProvider.java:120)
	at org.apache.maven.surefire.booter.ForkedBooter.invokeProviderInSameClassLoader(ForkedBooter.java:383)
	at org.apache.maven.surefire.booter.ForkedBooter.runSuitesInProcess(ForkedBooter.java:344)
	at org.apache.maven.surefire.booter.ForkedBooter.execute(ForkedBooter.java:125)
	at org.apache.maven.surefire.booter.ForkedBooter.main(ForkedBooter.java:417)
... Removed 46 stack frames]]>
    </failure>
  </testcase> <!-- feature -->
  <testcase name="feature" time="53.575" classname="upskill.runners.RunnerClass"/>
  <testcase name="feature" time="41.842" classname="upskill.runners.RunnerClass"/>
</testsuite> <!-- Ebay -->
