<?xml version="1.0" encoding="UTF-8"?>
<testsuite xmlns:xsi="http://www.w3.org/2001/XMLSchema-instance" xsi:noNamespaceSchemaLocation="https://maven.apache.org/surefire/maven-surefire-plugin/xsd/surefire-test-report.xsd" name="TestSuite" time="305.553" tests="10" errors="0" skipped="0" failures="1">
  <properties>
[...]
</properties>
  <testcase name="feature" classname="upskill.runners.RunnerClass" time="76.725"/>
  <testcase name="feature" classname="upskill.runners.RunnerClass" time="49.912"/>
  <testcase name="feature" classname="upskill.runners.RunnerClass" time="11.19"/>
  <testcase name="feature" classname="upskill.runners.RunnerClass" time="14.41"/>
  <testcase name="feature" classname="upskill.runners.RunnerClass" time="14.948"/>
  <testcase name="feature" classname="upskill.runners.RunnerClass" time="23.79"/>
  <testcase name="feature" classname="upskill.runners.RunnerClass" time="13.478"/>
  <testcase name="feature" classname="upskill.runners.RunnerClass" time="4.837">
    <failure message="java.lang.NoClassDefFoundError: io/restassured/mapper/factory/GsonObjectMapperFactory" type="cucumber.runtime.CucumberException">cucumber.runtime.CucumberException: java.lang.NoClassDefFoundError: io/restassured/mapper/factory/GsonObjectMapperFactory
Caused by: java.lang.NoClassDefFoundError: io/restassured/mapper/factory/GsonObjectMapperFactory
Caused by: java.lang.ClassNotFoundException: io.restassured.mapper.factory.GsonObjectMapperFactory
</failure>
    <system-out><![CDATA[@regression @api
Feature: Petstore API Testing
--->>>> Initializing Driver....
Test Scenario Name : Pet CRUD API
>>>Screenshot Taken<<<
 ------Test Complete, Browser Closed 

  Scenario: Pet CRUD API # PetstoreApiTesting.feature:4
    Given Create pet     # PetstoreApiSteps.create_pet()
      java.lang.NoClassDefFoundError: io/restassured/mapper/factory/GsonObjectMapperFactory
      	at io.restassured.config.RestAssuredConfig.<init>(RestAssuredConfig.java:41)
      	at io.restassured.RestAssured.<clinit>(RestAssured.java:420)
      	at upskill.api.restassured.PetstoreRestAssuredActions.createPet(PetstoreRestAssuredActions.java:13)
      	at upskill.ebay.stepDef.PetstoreApiSteps.create_pet(PetstoreApiSteps.java:13)
      	at ?.Given Create pet(PetstoreApiTesting.feature:6)
      Caused by: java.lang.ClassNotFoundException: io.restassured.mapper.factory.GsonObjectMapperFactory
      	at java.net.URLClassLoader.findClass(URLClassLoader.java:382)
      	at java.lang.ClassLoader.loadClass(ClassLoader.java:424)
      	at sun.misc.Launcher$AppClassLoader.loadClass(Launcher.java:349)
      	at java.lang.ClassLoader.loadClass(ClassLoader.java:357)
      	at io.restassured.config.RestAssuredConfig.<init>(RestAssuredConfig.java:41)
      	at io.restassured.RestAssured.<clinit>(RestAssured.java:420)
      	at upskill.api.restassured.PetstoreRestAssuredActions.createPet(PetstoreRestAssuredActions.java:13)
      	at upskill.ebay.stepDef.PetstoreApiSteps.create_pet(PetstoreApiSteps.java:13)
      	at sun.reflect.NativeMethodAccessorImpl.invoke0(Native Method)
      	at sun.reflect.NativeMethodAccessorImpl.invoke(NativeMethodAccessorImpl.java:62)
      	at sun.reflect.DelegatingMethodAccessorImpl.invoke(DelegatingMethodAccessorImpl.java:43)
      	at java.lang.reflect.Method.invoke(Method.java:498)
      	at cucumber.runtime.Utils$1.call(Utils.java:37)
      	at cucumber.runtime.Timeout.timeout(Timeout.java:13)
      	at cucumber.runtime.Utils.invoke(Utils.java:31)
      	at cucumber.runtime.java.JavaStepDefinition.execute(JavaStepDefinition.java:38)
      	at cucumber.runtime.StepDefinitionMatch.runStep(StepDefinitionMatch.java:37)
      	at cucumber.runtime.Runtime.runStep(Runtime.java:299)
      	at cucumber.runtime.model.StepContainer.runStep(StepContainer.java:44)
      	at cucumber.runtime.model.StepContainer.runSteps(StepContainer.java:39)
      	at cucumber.runtime.model.CucumberScenario.run(CucumberScenario.java:44)
      	at cucumber.runtime.model.CucumberFeature.run(CucumberFeature.java:165)
      	at cucumber.api.testng.TestNGCucumberRunner.runCucumber(TestNGCucumberRunner.java:63)
      	at cucumber.api.testng.AbstractTestNGCucumberTests.feature(AbstractTestNGCucumberTests.java:21)
      	at sun.reflect.NativeMethodAccessorImpl.invoke0(Native Method)
      	at sun.reflect.NativeMethodAccessorImpl.invoke(NativeMethodAccessorImpl.java:62)
      	at sun.reflect.DelegatingMethodAccessorImpl.invoke(DelegatingMethodAccessorImpl.java:43)
      	at java.lang.reflect.Method.invoke(Method.java:498)
      	at org.testng.internal.MethodInvocationHelper.invokeMethod(MethodInvocationHelper.java:80)
      	at org.testng.internal.Invoker.invokeMethod(Invoker.java:714)
      	at org.testng.internal.Invoker.invokeTestMethod(Invoker.java:901)
      	at org.testng.internal.Invoker.invokeTestMethods(Invoker.java:1231)
      	at org.testng.internal.TestMethodWorker.invokeTestMethods(TestMethodWorker.java:127)
      	at org.testng.internal.TestMethodWorker.run(TestMethodWorker.java:111)
      	at org.testng.TestRunner.privateRun(TestRunner.java:767)
      	at org.testng.TestRunner.run(TestRunner.java:617)
      	at org.testng.SuiteRunner.runTest(SuiteRunner.java:334)
      	at org.testng.SuiteRunner.runSequentially(SuiteRunner.java:329)
      	at org.testng.SuiteRunner.privateRun(SuiteRunner.java:291)
      	at org.testng.SuiteRunner.run(SuiteRunner.java:240)
      	at org.testng.SuiteRunnerWorker.runSuite(SuiteRunnerWorker.java:52)
      	at org.testng.SuiteRunnerWorker.run(SuiteRunnerWorker.java:86)
      	at org.testng.TestNG.runSuitesSequentially(TestNG.java:1198)
      	at org.testng.TestNG.runSuitesLocally(TestNG.java:1123)
      	at org.testng.TestNG.run(TestNG.java:1031)
      	at org.apache.maven.surefire.testng.TestNGExecutor.run(TestNGExecutor.java:283)
      	at org.apache.maven.surefire.testng.TestNGXmlTestSuite.execute(TestNGXmlTestSuite.java:75)
      	at org.apache.maven.surefire.testng.TestNGProvider.invoke(TestNGProvider.java:120)
      	at org.apache.maven.surefire.booter.ForkedBooter.invokeProviderInSameClassLoader(ForkedBooter.java:383)
      	at org.apache.maven.surefire.booter.ForkedBooter.runSuitesInProcess(ForkedBooter.java:344)
      	at org.apache.maven.surefire.booter.ForkedBooter.execute(ForkedBooter.java:125)
      	at org.apache.maven.surefire.booter.ForkedBooter.main(ForkedBooter.java:417)

    And Get pet          # PetstoreApiSteps.get_pet()
    When Update pet      # PetstoreApiSteps.update_pet()
    Then Delete pet      # PetstoreApiSteps.delete_pet()
]]></system-out>
    <system-err><![CDATA[Starting ChromeDriver 114.0.5735.90 (386bc09e8f4f2e025eddae123f36f6263096ae49-refs/branch-heads/5735@{#1052}) on port 36406
Only local connections are allowed.
Please see https://chromedriver.chromium.org/security-considerations for suggestions on keeping ChromeDriver safe.
ChromeDriver was started successfully.
[1689914198.503][WARNING]: This version of ChromeDriver has not been tested with Chrome version 115.
Jul 21, 2023 10:36:38 AM org.openqa.selenium.remote.ProtocolHandshake createSession
INFO: Detected dialect: W3C
]]></system-err>
  </testcase>
  <testcase name="feature" classname="upskill.runners.RunnerClass" time="53.574"/>
  <testcase name="feature" classname="upskill.runners.RunnerClass" time="41.842"/>
</testsuite>